mktextfm AdobeSongStd-Light/OT
mktextfm AdobeSongStd-Light/OT
mktextfm AdobeKaitiStd-Regular/OT
mktextfm AdobeKaitiStd-Regular/B/OT
mktextfm AdobeHeitiStd-Regular/OT
mktextfm AdobeHeitiStd-Regular/I/OT
mktextfm AdobeSongStd-Light/OT
mktextfm AdobeSongStd-Light/BI/OT
mktextfm AdobeSongStd-Light/OT
mktextfm AdobeSongStd-Light/OT
mktextfm AdobeHeitiStd-Regular/OT
mktextfm AdobeHeitiStd-Regular/OT
mktextfm AdobeKaitiStd-Regular/OT
mktextfm AdobeKaitiStd-Regular/OT
mktextfm AdobeSongStd-Light/OT
mktextfm AdobeHeitiStd-Regular/OT
mktextfm AdobeHeitiStd-Regular/OT
mktextfm AdobeHeitiStd-Regular/OT
mktextfm AdobeKaitiStd-Regular/OT
mktextfm nullfont
mktextfm AdobeSongStd-Light/OT
mktextfm AdobeFangsongStd-Regular/OT
mktextfm AdobeFangsongStd-Regular/OT
mktextfm AdobeFangsongStd-Regular/OT
mktextfm AdobeFangsongStd-Regular/BI/OT
mktextfm AdobeFangsongStd-Regular/OT
mktextfm AdobeFangsongStd-Regular/B/OT
mktextfm AdobeFangsongStd-Regular/OT
mktextfm AdobeFangsongStd-Regular/I/OT
mktextfm AdobeFangsongStd-Regular/OT
mktextfm AdobeFangsongStd-Regular/OT
