\BOOKMARK [-1][-]{part.1}{I\040PREFACE}{}% 1
\BOOKMARK [-1][-]{part.2}{II\040Physics}{}% 2
\BOOKMARK [0][-]{chapter.1}{Solid\040state\040physics}{part.2}% 3
\BOOKMARK [0][-]{chapter.2}{Semiconductor\040physics}{part.2}% 4
\BOOKMARK [0][-]{chapter.3}{Solid\040state\040physics}{part.2}% 5
\BOOKMARK [0][-]{chapter.4}{Semiconductor\040physics}{part.2}% 6
\BOOKMARK [-1][-]{part.3}{III\040Circuit\040basics}{}% 7
\BOOKMARK [-1][-]{part.4}{IV\040Analog\040circuit}{}% 8
\BOOKMARK [0][-]{chapter.5}{Transistor\040circuit\040analysis}{part.4}% 9
\BOOKMARK [0][-]{chapter.6}{Transistor\040circuit\040design}{part.4}% 10
\BOOKMARK [0][-]{chapter.7}{FET\040circuit\040analysis}{part.4}% 11
\BOOKMARK [0][-]{chapter.8}{FET\040circuit\040design}{part.4}% 12
\BOOKMARK [-1][-]{part.5}{V\040Analog\040VLSI\040design}{}% 13
\BOOKMARK [0][-]{chapter.9}{Current\040source}{part.5}% 14
\BOOKMARK [0][-]{chapter.10}{Current\040mirror}{part.5}% 15
\BOOKMARK [0][-]{chapter.11}{Differential\040amplifier\040pair}{part.5}% 16
\BOOKMARK [0][-]{chapter.12}{OP\040AMP\040design}{part.5}% 17
\BOOKMARK [-1][-]{part.6}{VI\040Digital\040circuit}{}% 18
\BOOKMARK [0][-]{chapter.13}{Finite\040state\040machine}{part.6}% 19
\BOOKMARK [-1][-]{part.7}{VII\040Analog\040digital\040converter}{}% 20
\BOOKMARK [-1][-]{part.8}{VIII\040Verilog\040HDL}{}% 21
\BOOKMARK [-1][-]{part.9}{IX\040Digital\040VLSI}{}% 22
\BOOKMARK [0][-]{chapter.14}{CPU\040design}{part.9}% 23
\BOOKMARK [-1][-]{part.10}{X\040PCB\040design}{}% 24
\BOOKMARK [-1][-]{part.11}{XI\040PCB\040SI&PI}{}% 25
\BOOKMARK [-1][-]{part.12}{XII\040C\040and\040C++\040programming}{}% 26
\BOOKMARK [-1][-]{part.13}{XIII\040Data\040structure\040and\040algorithms}{}% 27
\BOOKMARK [-1][-]{part.14}{XIV\040Computer\040orgnization}{}% 28
\BOOKMARK [-1][-]{part.15}{XV\040Computer\040architecture}{}% 29
\BOOKMARK [0][-]{chapter.15}{Microcontroller}{part.15}% 30
\BOOKMARK [0][-]{chapter.16}{Digital\040signal\040processor}{part.15}% 31
\BOOKMARK [0][-]{chapter.17}{ARM\040processor}{part.15}% 32
\BOOKMARK [-1][-]{part.16}{XVI\040Operating\040system}{}% 33
\BOOKMARK [-1][-]{part.17}{XVII\040Linux\040administration}{}% 34
\BOOKMARK [-1][-]{part.18}{XVIII\040Linux\040kernel}{}% 35
\BOOKMARK [-1][-]{part.19}{XIX\040Linux\040driver\040development}{}% 36
\BOOKMARK [-1][-]{part.20}{XX\040Linux\040system\040porting}{}% 37
\BOOKMARK [0][-]{chapter.18}{Buildroot}{part.20}% 38
\BOOKMARK [-1][-]{part.21}{XXI\040Computer\040Network}{}% 39
\BOOKMARK [0][-]{chapter.19}{TCP/IP\040protocols}{part.21}% 40
\BOOKMARK [0][-]{chapter.20}{Socket\040programming}{part.21}% 41
\BOOKMARK [-1][-]{part.22}{XXII\040Signal\040and\040system}{}% 42
\BOOKMARK [-1][-]{part.23}{XXIII\040Ditial\040signal\040processing}{}% 43
\BOOKMARK [0][-]{chapter.21}{FFT}{part.23}% 44
\BOOKMARK [0][-]{chapter.22}{FIR}{part.23}% 45
\BOOKMARK [0][-]{chapter.23}{IIR}{part.23}% 46
\BOOKMARK [-1][-]{part.24}{XXIV\040Digtal\040image\040processsing}{}% 47
\BOOKMARK [-1][-]{part.25}{XXV\040Audio\040signal\040processing}{}% 48
\BOOKMARK [-1][-]{part.26}{XXVI\040Modal\040analysis}{}% 49
\BOOKMARK [-1][-]{part.27}{XXVII\040Project\040Development}{}% 50
\BOOKMARK [0][-]{chapter.24}{8-channel\040data\040acquistion\040system\040design}{part.27}% 51
\BOOKMARK [0][-]{chapter.25}{32-channel\040data\040acquistion\040system\040design}{part.27}% 52
\BOOKMARK [0][-]{chapter.26}{64-channel\040data\040acquistion\040system\040design}{part.27}% 53
\BOOKMARK [-1][-]{part.28}{XXVIII\040Appendix}{}% 54
\BOOKMARK [0][-]{chapter.27}{Basic\040mathimatics}{part.28}% 55
\BOOKMARK [1][-]{section.27.1}{Formulas}{chapter.27}% 56
